2022-08-28 13:33:25,645:INFO:PyCaret Supervised Module
2022-08-28 13:33:25,646:INFO:ML Usecase: classification
2022-08-28 13:33:25,646:INFO:version 2.3.10
2022-08-28 13:33:25,646:INFO:Initializing setup()
2022-08-28 13:33:25,646:INFO:setup(target=Close, ml_usecase=classification, available_plots={'parameter': 'Hyperparameters', 'auc': 'AUC', 'confusion_matrix': 'Confusion Matrix', 'threshold': 'Threshold', 'pr': 'Precision Recall', 'error': 'Prediction Error', 'class_report': 'Class Report', 'rfe': 'Feature Selection', 'learning': 'Learning Curve', 'manifold': 'Manifold Learning', 'calibration': 'Calibration Curve', 'vc': 'Validation Curve', 'dimension': 'Dimensions', 'feature': 'Feature Importance', 'feature_all': 'Feature Importance (All)', 'boundary': 'Decision Boundary', 'lift': 'Lift Chart', 'gain': 'Gain Chart', 'tree': 'Decision Tree', 'ks': 'KS Statistic Plot'}, train_size=0.7, test_data=None, preprocess=True, imputation_type=simple, iterative_imputation_iters=5, categorical_features=None, categorical_imputation=constant, categorical_iterative_imputer=lightgbm, ordinal_features=None, high_cardinality_features=None, high_cardinality_method=frequency, numeric_features=None, numeric_imputation=mean, numeric_iterative_imputer=lightgbm, date_features=None, ignore_features=None, normalize=False, normalize_method=zscore, transformation=False, transformation_method=yeo-johnson, handle_unknown_categorical=True, unknown_categorical_method=least_frequent, pca=True, pca_method=linear, pca_components=3, ignore_low_variance=False, combine_rare_levels=False, rare_level_threshold=0.1, bin_numeric_features=None, remove_outliers=False, outliers_threshold=0.05, remove_multicollinearity=False, multicollinearity_threshold=0.9, remove_perfect_collinearity=True, create_clusters=False, cluster_iter=20, polynomial_features=False, polynomial_degree=2, trigonometry_features=False, polynomial_threshold=0.1, group_features=None, group_names=None, feature_selection=False, feature_selection_threshold=0.8, feature_selection_method=classic, feature_interaction=False, feature_ratio=False, interaction_threshold=0.01, fix_imbalance=False, fix_imbalance_method=None, transform_target=False, transform_target_method=box-cox, data_split_shuffle=True, data_split_stratify=False, fold_strategy=stratifiedkfold, fold=10, fold_shuffle=False, fold_groups=None, n_jobs=-1, use_gpu=False, custom_pipeline=None, html=True, session_id=None, log_experiment=False, experiment_name=None, experiment_custom_tags=None, log_plots=False, log_profile=False, log_data=False, silent=True, verbose=True, profile=False, profile_kwargs=None, display=None)
2022-08-28 13:33:25,646:INFO:Checking environment
2022-08-28 13:33:25,646:INFO:python_version: 3.8.9
2022-08-28 13:33:25,646:INFO:python_build: ('default', 'May 17 2022 12:55:41')
2022-08-28 13:33:25,646:INFO:machine: x86_64
2022-08-28 13:33:25,666:INFO:platform: macOS-12.5-x86_64-i386-64bit
2022-08-28 13:33:25,668:WARNING:cannot find psutil installation. memory not traceable. Install psutil using pip to enable memory logging.
2022-08-28 13:33:25,669:INFO:Checking libraries
2022-08-28 13:33:25,669:INFO:pd==1.3.4
2022-08-28 13:33:25,669:INFO:numpy==1.19.5
2022-08-28 13:33:25,669:INFO:sklearn==0.23.2
2022-08-28 13:33:25,670:INFO:lightgbm==3.3.2
2022-08-28 13:33:26,217:INFO:catboost==1.0.6
2022-08-28 13:33:26,217:INFO:xgboost==1.6.1
2022-08-28 13:33:26,217:INFO:mlflow==1.8.0
2022-08-28 13:33:26,217:INFO:Checking Exceptions
2022-08-28 13:33:26,218:INFO:Declaring global variables
2022-08-28 13:33:26,218:INFO:USI: c8ec
2022-08-28 13:33:26,218:INFO:pycaret_globals: {'fold_param', 'fold_generator', 'gpu_param', '_ml_usecase', 'y', '_all_models', '_available_plots', 'fix_imbalance_param', '_gpu_n_jobs_param', 'master_model_container', 'transform_target_method_param', 'imputation_classifier', 'html_param', 'fold_shuffle_param', 'X', 'pycaret_globals', 'data_before_preprocess', 'target_param', 'X_train', 'exp_name_log', 'display_container', 'y_train', 'imputation_regressor', 'prep_pipe', 'fold_groups_param', '_all_models_internal', 'create_model_container', 'experiment__', 'seed', 'fold_groups_param_full', '_all_metrics', 'USI', 'dashboard_logger', 'logging_param', 'stratify_param', 'transform_target_param', 'fix_imbalance_method_param', 'log_plots_param', 'X_test', 'n_jobs_param', 'y_test', '_internal_pipeline', 'iterative_imputation_iters_param'}
2022-08-28 13:33:26,218:INFO:Preparing display monitor
2022-08-28 13:33:26,218:INFO:Preparing display monitor
2022-08-28 13:33:26,228:INFO:Importing libraries
2022-08-28 13:33:26,228:INFO:Copying data for preprocessing
2022-08-28 13:33:26,231:INFO:Declaring preprocessing parameters
2022-08-28 13:33:26,232:INFO:Creating preprocessing pipeline
2022-08-28 13:33:26,237:INFO:Preprocessing pipeline created successfully
2022-08-28 13:33:26,238:ERROR:(Process Exit): setup has been interupted with user command 'quit'. setup must rerun.
2022-08-28 13:33:26,238:INFO:Creating global containers
2022-08-28 13:33:26,239:INFO:Internal pipeline: Pipeline(memory=None, steps=[('empty_step', 'passthrough')], verbose=False)
2022-08-28 13:33:26,487:INFO:Creating grid variables
2022-08-28 13:33:26,489:INFO:create_model_container: 0
2022-08-28 13:33:26,489:INFO:master_model_container: 0
2022-08-28 13:33:26,489:INFO:display_container: 1
2022-08-28 13:33:26,494:INFO:Pipeline(memory=None,
         steps=[('dtypes',
                 DataTypes_Auto_infer(categorical_features=[],
                                      display_types=False, features_todrop=[],
                                      id_columns=[],
                                      ml_usecase='classification',
                                      numerical_features=[], target='Close',
                                      time_features=[])),
                ('imputer',
                 Simple_Imputer(categorical_strategy='not_available',
                                fill_value_categorical=None,
                                fill_value_numerical=None,
                                numeric_strat...
                ('dummy', Dummify(target='Close')),
                ('fix_perfect', Remove_100(target='Close')),
                ('clean_names', Clean_Colum_Names()),
                ('feature_select', 'passthrough'), ('fix_multi', 'passthrough'),
                ('dfs', 'passthrough'),
                ('pca',
                 Reduce_Dimensions_For_Supervised_Path(method='pca_liner',
                                                       random_state=7904,
                                                       target='Close',
                                                       variance_retained_or_number_of_components=None))],
         verbose=False)
2022-08-28 13:33:26,494:INFO:setup() succesfully completed......................................
2022-08-28 13:33:26,599:INFO:Initializing get_config()
2022-08-28 13:33:26,599:INFO:get_config(variable=X)
2022-08-28 13:33:26,607:INFO:Global variable: X returned as       Component_1  Component_2  Component_3
0    28086.865234  -687.225586  -149.847626
1    22471.671875  4612.148926  -457.081238
2    18641.042969   114.625870   111.544220
3    17557.123047   487.992371   163.384537
4    17977.083984   500.019226  -611.392639
..            ...          ...          ...
361  -8402.511719  -597.406677   175.203857
362  -7796.739746  -140.455734  -531.641541
363  -8899.366211 -1108.436646  -282.536285
364  -8414.350586 -1020.019470  -704.012939
365  -8509.082031 -1231.974976  -711.804077

[366 rows x 3 columns]
2022-08-28 13:33:26,607:INFO:get_config() succesfully completed......................................
2022-08-28 13:33:26,607:INFO:Initializing get_config()
2022-08-28 13:33:26,607:INFO:get_config(variable=y)
2022-08-28 13:33:26,608:INFO:Global variable: y returned as 0      60683.820312
1      56216.183594
2      55724.265625
3      56473.031250
4      53906.089844
           ...     
361    41166.730469
362    39935.515625
363    40553.464844
364    40424.484375
365    40419.019531
Name: Close, Length: 366, dtype: float32
2022-08-28 13:33:26,608:INFO:get_config() succesfully completed......................................
2022-08-28 13:34:42,469:INFO:PyCaret Supervised Module
2022-08-28 13:34:42,469:INFO:ML Usecase: classification
2022-08-28 13:34:42,469:INFO:version 2.3.10
2022-08-28 13:34:42,469:INFO:Initializing setup()
2022-08-28 13:34:42,469:INFO:setup(target=Close, ml_usecase=classification, available_plots={'parameter': 'Hyperparameters', 'auc': 'AUC', 'confusion_matrix': 'Confusion Matrix', 'threshold': 'Threshold', 'pr': 'Precision Recall', 'error': 'Prediction Error', 'class_report': 'Class Report', 'rfe': 'Feature Selection', 'learning': 'Learning Curve', 'manifold': 'Manifold Learning', 'calibration': 'Calibration Curve', 'vc': 'Validation Curve', 'dimension': 'Dimensions', 'feature': 'Feature Importance', 'feature_all': 'Feature Importance (All)', 'boundary': 'Decision Boundary', 'lift': 'Lift Chart', 'gain': 'Gain Chart', 'tree': 'Decision Tree', 'ks': 'KS Statistic Plot'}, train_size=0.7, test_data=None, preprocess=True, imputation_type=simple, iterative_imputation_iters=5, categorical_features=None, categorical_imputation=constant, categorical_iterative_imputer=lightgbm, ordinal_features=None, high_cardinality_features=None, high_cardinality_method=frequency, numeric_features=None, numeric_imputation=mean, numeric_iterative_imputer=lightgbm, date_features=None, ignore_features=None, normalize=False, normalize_method=zscore, transformation=False, transformation_method=yeo-johnson, handle_unknown_categorical=True, unknown_categorical_method=least_frequent, pca=True, pca_method=linear, pca_components=3, ignore_low_variance=False, combine_rare_levels=False, rare_level_threshold=0.1, bin_numeric_features=None, remove_outliers=False, outliers_threshold=0.05, remove_multicollinearity=False, multicollinearity_threshold=0.9, remove_perfect_collinearity=True, create_clusters=False, cluster_iter=20, polynomial_features=False, polynomial_degree=2, trigonometry_features=False, polynomial_threshold=0.1, group_features=None, group_names=None, feature_selection=False, feature_selection_threshold=0.8, feature_selection_method=classic, feature_interaction=False, feature_ratio=False, interaction_threshold=0.01, fix_imbalance=False, fix_imbalance_method=None, transform_target=False, transform_target_method=box-cox, data_split_shuffle=True, data_split_stratify=False, fold_strategy=stratifiedkfold, fold=10, fold_shuffle=False, fold_groups=None, n_jobs=-1, use_gpu=False, custom_pipeline=None, html=True, session_id=None, log_experiment=False, experiment_name=None, experiment_custom_tags=None, log_plots=False, log_profile=False, log_data=False, silent=True, verbose=True, profile=False, profile_kwargs=None, display=None)
2022-08-28 13:34:42,469:INFO:Checking environment
2022-08-28 13:34:42,469:INFO:python_version: 3.8.9
2022-08-28 13:34:42,469:INFO:python_build: ('default', 'May 17 2022 12:55:41')
2022-08-28 13:34:42,469:INFO:machine: x86_64
2022-08-28 13:34:42,483:INFO:platform: macOS-12.5-x86_64-i386-64bit
2022-08-28 13:34:42,485:WARNING:cannot find psutil installation. memory not traceable. Install psutil using pip to enable memory logging.
2022-08-28 13:34:42,485:INFO:Checking libraries
2022-08-28 13:34:42,485:INFO:pd==1.3.4
2022-08-28 13:34:42,485:INFO:numpy==1.19.5
2022-08-28 13:34:42,485:INFO:sklearn==0.23.2
2022-08-28 13:34:42,486:INFO:lightgbm==3.3.2
2022-08-28 13:34:42,512:INFO:catboost==1.0.6
2022-08-28 13:34:42,512:INFO:xgboost==1.6.1
2022-08-28 13:34:42,512:INFO:mlflow==1.8.0
2022-08-28 13:34:42,512:INFO:Checking Exceptions
2022-08-28 13:34:42,513:INFO:Declaring global variables
2022-08-28 13:34:42,513:INFO:USI: 3912
2022-08-28 13:34:42,513:INFO:pycaret_globals: {'imputation_regressor', 'transform_target_method_param', 'y_test', 'fold_shuffle_param', 'log_plots_param', 'y_train', 'USI', 'fold_groups_param', 'create_model_container', 'data_before_preprocess', '_ml_usecase', 'gpu_param', '_available_plots', 'n_jobs_param', 'X', 'fold_groups_param_full', 'iterative_imputation_iters_param', 'X_test', 'experiment__', 'imputation_classifier', 'fix_imbalance_method_param', '_gpu_n_jobs_param', '_all_models_internal', 'logging_param', 'transform_target_param', 'fold_generator', 'pycaret_globals', 'prep_pipe', 'fix_imbalance_param', '_all_metrics', 'dashboard_logger', 'html_param', '_internal_pipeline', 'fold_param', 'display_container', 'y', 'exp_name_log', 'X_train', 'master_model_container', 'stratify_param', 'target_param', '_all_models', 'seed'}
2022-08-28 13:34:42,513:INFO:Preparing display monitor
2022-08-28 13:34:42,513:INFO:Preparing display monitor
2022-08-28 13:34:42,523:INFO:Importing libraries
2022-08-28 13:34:42,523:INFO:Copying data for preprocessing
2022-08-28 13:34:42,525:INFO:Declaring preprocessing parameters
2022-08-28 13:34:42,526:INFO:Creating preprocessing pipeline
2022-08-28 13:34:42,531:INFO:Preprocessing pipeline created successfully
2022-08-28 13:34:42,531:ERROR:(Process Exit): setup has been interupted with user command 'quit'. setup must rerun.
2022-08-28 13:34:42,531:INFO:Creating global containers
2022-08-28 13:34:42,532:INFO:Internal pipeline: Pipeline(memory=None, steps=[('empty_step', 'passthrough')], verbose=False)
2022-08-28 13:34:42,770:INFO:Creating grid variables
2022-08-28 13:34:42,772:INFO:create_model_container: 0
2022-08-28 13:34:42,772:INFO:master_model_container: 0
2022-08-28 13:34:42,772:INFO:display_container: 1
2022-08-28 13:34:42,776:INFO:Pipeline(memory=None,
         steps=[('dtypes',
                 DataTypes_Auto_infer(categorical_features=[],
                                      display_types=False, features_todrop=[],
                                      id_columns=[],
                                      ml_usecase='classification',
                                      numerical_features=[], target='Close',
                                      time_features=[])),
                ('imputer',
                 Simple_Imputer(categorical_strategy='not_available',
                                fill_value_categorical=None,
                                fill_value_numerical=None,
                                numeric_strat...
                ('dummy', Dummify(target='Close')),
                ('fix_perfect', Remove_100(target='Close')),
                ('clean_names', Clean_Colum_Names()),
                ('feature_select', 'passthrough'), ('fix_multi', 'passthrough'),
                ('dfs', 'passthrough'),
                ('pca',
                 Reduce_Dimensions_For_Supervised_Path(method='pca_liner',
                                                       random_state=1199,
                                                       target='Close',
                                                       variance_retained_or_number_of_components=None))],
         verbose=False)
2022-08-28 13:34:42,776:INFO:setup() succesfully completed......................................
2022-08-28 13:34:42,891:INFO:Initializing get_config()
2022-08-28 13:34:42,891:INFO:get_config(variable=X)
2022-08-28 13:34:42,902:INFO:Global variable: X returned as      Component_1  Component_2  Component_3
0   20130.226562  -159.226547  1070.474243
1  -14774.415039  3098.409424   514.300415
2  -18900.832031   756.757141  3697.389404
3  -17732.759766  1947.428101  -623.500916
4  -13067.810547   -46.921890  -412.140991
5  -15918.421875  -512.317444  1857.974609
6  -20308.015625  -477.135864   -27.347830
7  -16567.371094 -1192.229126   268.363556
8  -16622.292969  -738.431763  -268.121826
9  -22020.935547 -1611.148071  -709.854309
10  -3834.846680   584.504150   -36.991989
11   1728.903320   342.940063  -635.875671
12  -8346.836914   643.232178  -684.160461
13  -4659.990723  -676.388367  -417.862000
14   2469.295654  -416.327148  -331.995758
15  16377.411133   538.201294   556.408508
16  24244.072266    25.277117   616.073181
17  26909.007812   291.764496  -499.087921
18  31118.982422    66.150536    -2.586215
19  20629.113281   319.605347  -154.164673
20  19588.062500   259.489075  1524.747681
21  13303.493164  -211.322266  -604.670410
22   1020.523987  -694.827393  -465.905884
23  -5747.124512  -271.871552  -664.352478
24 -14386.607422  -851.063782   261.152191
25  -5664.475586 -1139.632812   670.306641
26 -12932.176758 -1525.360352    53.226254
27 -13761.045898 -1487.507935    25.287779
28  -7226.874512 -1421.890137  -420.251770
29  -9061.504883  -799.156677  1242.626831
30 -10606.199219 -1875.903320  -453.757996
2022-08-28 13:34:42,902:INFO:get_config() succesfully completed......................................
2022-08-28 13:34:42,902:INFO:Initializing get_config()
2022-08-28 13:34:42,902:INFO:get_config(variable=y)
2022-08-28 13:34:42,903:INFO:Global variable: y returned as 0     58232.316406
1     40782.738281
2     34770.582031
3     38705.980469
4     39294.199219
5     35697.605469
6     35678.128906
7     36684.925781
8     37575.179688
9     34292.445312
10    46365.402344
11    49339.175781
12    43574.507812
13    44895.097656
14    48199.953125
15    57401.097656
16    61553.617188
17    63326.988281
18    65466.839844
19    59697.195312
20    56289.289062
21    54815.078125
22    46707.015625
23    44575.203125
24    37075.281250
25    42451.789062
26    38419.984375
27    37849.664062
28    42892.957031
29    39521.902344
30    40424.484375
Name: Close, dtype: float32
2022-08-28 13:34:42,903:INFO:get_config() succesfully completed......................................
2022-08-28 13:35:12,486:INFO:PyCaret Supervised Module
2022-08-28 13:35:12,486:INFO:ML Usecase: classification
2022-08-28 13:35:12,486:INFO:version 2.3.10
2022-08-28 13:35:12,486:INFO:Initializing setup()
2022-08-28 13:35:12,486:INFO:setup(target=Close, ml_usecase=classification, available_plots={'parameter': 'Hyperparameters', 'auc': 'AUC', 'confusion_matrix': 'Confusion Matrix', 'threshold': 'Threshold', 'pr': 'Precision Recall', 'error': 'Prediction Error', 'class_report': 'Class Report', 'rfe': 'Feature Selection', 'learning': 'Learning Curve', 'manifold': 'Manifold Learning', 'calibration': 'Calibration Curve', 'vc': 'Validation Curve', 'dimension': 'Dimensions', 'feature': 'Feature Importance', 'feature_all': 'Feature Importance (All)', 'boundary': 'Decision Boundary', 'lift': 'Lift Chart', 'gain': 'Gain Chart', 'tree': 'Decision Tree', 'ks': 'KS Statistic Plot'}, train_size=0.7, test_data=None, preprocess=True, imputation_type=simple, iterative_imputation_iters=5, categorical_features=None, categorical_imputation=constant, categorical_iterative_imputer=lightgbm, ordinal_features=None, high_cardinality_features=None, high_cardinality_method=frequency, numeric_features=None, numeric_imputation=mean, numeric_iterative_imputer=lightgbm, date_features=None, ignore_features=None, normalize=False, normalize_method=zscore, transformation=False, transformation_method=yeo-johnson, handle_unknown_categorical=True, unknown_categorical_method=least_frequent, pca=True, pca_method=linear, pca_components=3, ignore_low_variance=False, combine_rare_levels=False, rare_level_threshold=0.1, bin_numeric_features=None, remove_outliers=False, outliers_threshold=0.05, remove_multicollinearity=False, multicollinearity_threshold=0.9, remove_perfect_collinearity=True, create_clusters=False, cluster_iter=20, polynomial_features=False, polynomial_degree=2, trigonometry_features=False, polynomial_threshold=0.1, group_features=None, group_names=None, feature_selection=False, feature_selection_threshold=0.8, feature_selection_method=classic, feature_interaction=False, feature_ratio=False, interaction_threshold=0.01, fix_imbalance=False, fix_imbalance_method=None, transform_target=False, transform_target_method=box-cox, data_split_shuffle=True, data_split_stratify=False, fold_strategy=stratifiedkfold, fold=10, fold_shuffle=False, fold_groups=None, n_jobs=-1, use_gpu=False, custom_pipeline=None, html=True, session_id=None, log_experiment=False, experiment_name=None, experiment_custom_tags=None, log_plots=False, log_profile=False, log_data=False, silent=True, verbose=True, profile=False, profile_kwargs=None, display=None)
2022-08-28 13:35:12,486:INFO:Checking environment
2022-08-28 13:35:12,487:INFO:python_version: 3.8.9
2022-08-28 13:35:12,487:INFO:python_build: ('default', 'May 17 2022 12:55:41')
2022-08-28 13:35:12,487:INFO:machine: x86_64
2022-08-28 13:35:12,503:INFO:platform: macOS-12.5-x86_64-i386-64bit
2022-08-28 13:35:12,506:WARNING:cannot find psutil installation. memory not traceable. Install psutil using pip to enable memory logging.
2022-08-28 13:35:12,506:INFO:Checking libraries
2022-08-28 13:35:12,506:INFO:pd==1.3.4
2022-08-28 13:35:12,506:INFO:numpy==1.19.5
2022-08-28 13:35:12,506:INFO:sklearn==0.23.2
2022-08-28 13:35:12,507:INFO:lightgbm==3.3.2
2022-08-28 13:35:12,538:INFO:catboost==1.0.6
2022-08-28 13:35:12,538:INFO:xgboost==1.6.1
2022-08-28 13:35:12,538:INFO:mlflow==1.8.0
2022-08-28 13:35:12,538:INFO:Checking Exceptions
2022-08-28 13:35:12,538:INFO:Declaring global variables
2022-08-28 13:35:12,538:INFO:USI: dac7
2022-08-28 13:35:12,538:INFO:pycaret_globals: {'fold_shuffle_param', 'fold_groups_param', '_available_plots', 'fold_groups_param_full', '_all_metrics', 'imputation_classifier', 'dashboard_logger', 'target_param', 'master_model_container', 'experiment__', 'fix_imbalance_method_param', 'transform_target_param', 'imputation_regressor', 'data_before_preprocess', 'X_test', 'X_train', 'y_train', '_all_models_internal', 'y_test', 'logging_param', 'fold_generator', 'fix_imbalance_param', 'X', 'pycaret_globals', 'fold_param', '_gpu_n_jobs_param', 'html_param', 'stratify_param', 'display_container', 'exp_name_log', 'USI', 'log_plots_param', 'gpu_param', 'y', 'transform_target_method_param', '_ml_usecase', 'iterative_imputation_iters_param', 'n_jobs_param', '_all_models', '_internal_pipeline', 'prep_pipe', 'create_model_container', 'seed'}
2022-08-28 13:35:12,539:INFO:Preparing display monitor
2022-08-28 13:35:12,539:INFO:Preparing display monitor
2022-08-28 13:35:12,551:INFO:Importing libraries
2022-08-28 13:35:12,551:INFO:Copying data for preprocessing
2022-08-28 13:35:12,554:INFO:Declaring preprocessing parameters
2022-08-28 13:35:12,555:INFO:Creating preprocessing pipeline
2022-08-28 13:35:12,560:INFO:Preprocessing pipeline created successfully
2022-08-28 13:35:12,561:ERROR:(Process Exit): setup has been interupted with user command 'quit'. setup must rerun.
2022-08-28 13:35:12,561:INFO:Creating global containers
2022-08-28 13:35:12,561:INFO:Internal pipeline: Pipeline(memory=None, steps=[('empty_step', 'passthrough')], verbose=False)
2022-08-28 13:35:12,931:INFO:Creating grid variables
2022-08-28 13:35:12,933:INFO:create_model_container: 0
2022-08-28 13:35:12,933:INFO:master_model_container: 0
2022-08-28 13:35:12,933:INFO:display_container: 1
2022-08-28 13:35:12,942:INFO:Pipeline(memory=None,
         steps=[('dtypes',
                 DataTypes_Auto_infer(categorical_features=[],
                                      display_types=False, features_todrop=[],
                                      id_columns=[],
                                      ml_usecase='classification',
                                      numerical_features=[], target='Close',
                                      time_features=[])),
                ('imputer',
                 Simple_Imputer(categorical_strategy='not_available',
                                fill_value_categorical=None,
                                fill_value_numerical=None,
                                numeric_strat...
                ('dummy', Dummify(target='Close')),
                ('fix_perfect', Remove_100(target='Close')),
                ('clean_names', Clean_Colum_Names()),
                ('feature_select', 'passthrough'), ('fix_multi', 'passthrough'),
                ('dfs', 'passthrough'),
                ('pca',
                 Reduce_Dimensions_For_Supervised_Path(method='pca_liner',
                                                       random_state=1724,
                                                       target='Close',
                                                       variance_retained_or_number_of_components=None))],
         verbose=False)
2022-08-28 13:35:12,942:INFO:setup() succesfully completed......................................
2022-08-28 13:35:13,054:INFO:Initializing get_config()
2022-08-28 13:35:13,054:INFO:get_config(variable=X)
2022-08-28 13:35:13,061:INFO:Global variable: X returned as       Component_1  Component_2  Component_3
0    27647.982422  -381.936157   -92.117722
1    21984.871094  4787.583008 -1047.822388
2    18194.894531   358.577972    67.854973
3    17107.535156   725.448547    73.374641
4    17528.332031   646.217957  -696.976868
..            ...          ...          ...
361  -8841.066406  -590.204712   215.348801
362  -8238.625000  -217.840973  -542.150146
363  -9332.648438 -1158.099365  -176.292191
364  -8847.938477 -1117.577881  -605.379761
365  -8940.713867 -1329.754395  -587.118835

[366 rows x 3 columns]
2022-08-28 13:35:13,061:INFO:get_config() succesfully completed......................................
2022-08-28 13:35:13,061:INFO:Initializing get_config()
2022-08-28 13:35:13,061:INFO:get_config(variable=y)
2022-08-28 13:35:13,063:INFO:Global variable: y returned as 0      60683.820312
1      56216.183594
2      55724.265625
3      56473.031250
4      53906.089844
           ...     
361    41166.730469
362    39935.515625
363    40553.464844
364    40424.484375
365    40419.019531
Name: Close, Length: 366, dtype: float32
2022-08-28 13:35:13,063:INFO:get_config() succesfully completed......................................
2022-08-28 13:43:50,392:INFO:PyCaret Supervised Module
2022-08-28 13:43:50,409:INFO:ML Usecase: classification
2022-08-28 13:43:50,409:INFO:version 2.3.10
2022-08-28 13:43:50,409:INFO:Initializing setup()
2022-08-28 13:43:50,409:INFO:setup(target=Close, ml_usecase=classification, available_plots={'parameter': 'Hyperparameters', 'auc': 'AUC', 'confusion_matrix': 'Confusion Matrix', 'threshold': 'Threshold', 'pr': 'Precision Recall', 'error': 'Prediction Error', 'class_report': 'Class Report', 'rfe': 'Feature Selection', 'learning': 'Learning Curve', 'manifold': 'Manifold Learning', 'calibration': 'Calibration Curve', 'vc': 'Validation Curve', 'dimension': 'Dimensions', 'feature': 'Feature Importance', 'feature_all': 'Feature Importance (All)', 'boundary': 'Decision Boundary', 'lift': 'Lift Chart', 'gain': 'Gain Chart', 'tree': 'Decision Tree', 'ks': 'KS Statistic Plot'}, train_size=0.7, test_data=None, preprocess=True, imputation_type=simple, iterative_imputation_iters=5, categorical_features=None, categorical_imputation=constant, categorical_iterative_imputer=lightgbm, ordinal_features=None, high_cardinality_features=None, high_cardinality_method=frequency, numeric_features=None, numeric_imputation=mean, numeric_iterative_imputer=lightgbm, date_features=None, ignore_features=None, normalize=False, normalize_method=zscore, transformation=False, transformation_method=yeo-johnson, handle_unknown_categorical=True, unknown_categorical_method=least_frequent, pca=True, pca_method=linear, pca_components=3, ignore_low_variance=False, combine_rare_levels=False, rare_level_threshold=0.1, bin_numeric_features=None, remove_outliers=False, outliers_threshold=0.05, remove_multicollinearity=False, multicollinearity_threshold=0.9, remove_perfect_collinearity=True, create_clusters=False, cluster_iter=20, polynomial_features=False, polynomial_degree=2, trigonometry_features=False, polynomial_threshold=0.1, group_features=None, group_names=None, feature_selection=False, feature_selection_threshold=0.8, feature_selection_method=classic, feature_interaction=False, feature_ratio=False, interaction_threshold=0.01, fix_imbalance=False, fix_imbalance_method=None, transform_target=False, transform_target_method=box-cox, data_split_shuffle=True, data_split_stratify=False, fold_strategy=stratifiedkfold, fold=10, fold_shuffle=False, fold_groups=None, n_jobs=-1, use_gpu=False, custom_pipeline=None, html=True, session_id=None, log_experiment=False, experiment_name=None, experiment_custom_tags=None, log_plots=False, log_profile=False, log_data=False, silent=True, verbose=True, profile=False, profile_kwargs=None, display=None)
2022-08-28 13:43:50,409:INFO:Checking environment
2022-08-28 13:43:50,410:INFO:python_version: 3.8.9
2022-08-28 13:43:50,410:INFO:python_build: ('default', 'May 17 2022 12:55:41')
2022-08-28 13:43:50,410:INFO:machine: x86_64
2022-08-28 13:43:50,428:INFO:platform: macOS-12.5-x86_64-i386-64bit
2022-08-28 13:43:50,438:WARNING:cannot find psutil installation. memory not traceable. Install psutil using pip to enable memory logging.
2022-08-28 13:43:50,438:INFO:Checking libraries
2022-08-28 13:43:50,438:INFO:pd==1.3.4
2022-08-28 13:43:50,439:INFO:numpy==1.19.5
2022-08-28 13:43:50,439:INFO:sklearn==0.23.2
2022-08-28 13:43:50,439:INFO:lightgbm==3.3.2
2022-08-28 13:43:50,466:INFO:catboost==1.0.6
2022-08-28 13:43:50,467:INFO:xgboost==1.6.1
2022-08-28 13:43:50,467:INFO:mlflow==1.8.0
2022-08-28 13:43:50,467:INFO:Checking Exceptions
2022-08-28 13:43:50,468:INFO:Declaring global variables
2022-08-28 13:43:50,468:INFO:USI: dcbc
2022-08-28 13:43:50,468:INFO:pycaret_globals: {'fold_groups_param', 'seed', 'display_container', 'y', '_all_metrics', 'fold_shuffle_param', 'stratify_param', 'pycaret_globals', '_all_models', '_ml_usecase', 'n_jobs_param', 'master_model_container', '_available_plots', 'gpu_param', 'imputation_regressor', 'fold_generator', 'transform_target_param', 'html_param', 'exp_name_log', '_gpu_n_jobs_param', '_all_models_internal', 'transform_target_method_param', 'fix_imbalance_method_param', 'X_train', 'y_train', 'iterative_imputation_iters_param', 'X', 'prep_pipe', 'dashboard_logger', 'experiment__', 'fold_param', 'log_plots_param', 'data_before_preprocess', 'imputation_classifier', 'target_param', 'logging_param', 'y_test', 'create_model_container', 'fold_groups_param_full', 'fix_imbalance_param', '_internal_pipeline', 'USI', 'X_test'}
2022-08-28 13:43:50,468:INFO:Preparing display monitor
2022-08-28 13:43:50,468:INFO:Preparing display monitor
2022-08-28 13:43:50,494:INFO:Importing libraries
2022-08-28 13:43:50,494:INFO:Copying data for preprocessing
2022-08-28 13:43:50,518:INFO:Declaring preprocessing parameters
2022-08-28 13:43:50,520:INFO:Creating preprocessing pipeline
2022-08-28 13:43:50,524:INFO:Preprocessing pipeline created successfully
2022-08-28 13:43:50,542:ERROR:(Process Exit): setup has been interupted with user command 'quit'. setup must rerun.
2022-08-28 13:43:50,542:INFO:Creating global containers
2022-08-28 13:43:50,543:INFO:Internal pipeline: Pipeline(memory=None, steps=[('empty_step', 'passthrough')], verbose=False)
2022-08-28 13:43:50,831:INFO:Creating grid variables
2022-08-28 13:43:50,833:INFO:create_model_container: 0
2022-08-28 13:43:50,833:INFO:master_model_container: 0
2022-08-28 13:43:50,833:INFO:display_container: 1
2022-08-28 13:43:50,838:INFO:Pipeline(memory=None,
         steps=[('dtypes',
                 DataTypes_Auto_infer(categorical_features=[],
                                      display_types=False, features_todrop=[],
                                      id_columns=[],
                                      ml_usecase='classification',
                                      numerical_features=[], target='Close',
                                      time_features=[])),
                ('imputer',
                 Simple_Imputer(categorical_strategy='not_available',
                                fill_value_categorical=None,
                                fill_value_numerical=None,
                                numeric_strat...
                ('dummy', Dummify(target='Close')),
                ('fix_perfect', Remove_100(target='Close')),
                ('clean_names', Clean_Colum_Names()),
                ('feature_select', 'passthrough'), ('fix_multi', 'passthrough'),
                ('dfs', 'passthrough'),
                ('pca',
                 Reduce_Dimensions_For_Supervised_Path(method='pca_liner',
                                                       random_state=4699,
                                                       target='Close',
                                                       variance_retained_or_number_of_components=None))],
         verbose=False)
2022-08-28 13:43:50,838:INFO:setup() succesfully completed......................................
2022-08-28 13:43:50,960:INFO:Initializing get_config()
2022-08-28 13:43:50,960:INFO:get_config(variable=X)
2022-08-28 13:43:50,970:INFO:Global variable: X returned as       Component_1  Component_2  Component_3
0    27637.316406  -413.643280   -93.730347
1    21983.720703  4818.435547  -702.243103
2    18185.585938   331.820343   115.785591
3    17098.896484   699.492798   145.817993
4    17519.601562   671.043152  -628.126526
..            ...          ...          ...
361  -8852.071289  -575.280334   201.103683
362  -8248.899414  -154.331268  -529.906921
363  -9344.664062 -1114.892578  -227.514664
364  -8859.851562 -1046.733521  -652.965271
365  -8953.015625 -1259.485718  -648.889954

[366 rows x 3 columns]
2022-08-28 13:43:50,970:INFO:get_config() succesfully completed......................................
2022-08-28 13:43:50,970:INFO:Initializing get_config()
2022-08-28 13:43:50,970:INFO:get_config(variable=y)
2022-08-28 13:43:50,972:INFO:Global variable: y returned as 0      60683.820312
1      56216.183594
2      55724.265625
3      56473.031250
4      53906.089844
           ...     
361    41166.730469
362    39935.515625
363    40553.464844
364    40424.484375
365    40419.019531
Name: Close, Length: 366, dtype: float32
2022-08-28 13:43:50,972:INFO:get_config() succesfully completed......................................
2022-08-28 13:46:54,095:INFO:PyCaret Supervised Module
2022-08-28 13:46:54,096:INFO:ML Usecase: classification
2022-08-28 13:46:54,096:INFO:version 2.3.10
2022-08-28 13:46:54,096:INFO:Initializing setup()
2022-08-28 13:46:54,096:INFO:setup(target=Close, ml_usecase=classification, available_plots={'parameter': 'Hyperparameters', 'auc': 'AUC', 'confusion_matrix': 'Confusion Matrix', 'threshold': 'Threshold', 'pr': 'Precision Recall', 'error': 'Prediction Error', 'class_report': 'Class Report', 'rfe': 'Feature Selection', 'learning': 'Learning Curve', 'manifold': 'Manifold Learning', 'calibration': 'Calibration Curve', 'vc': 'Validation Curve', 'dimension': 'Dimensions', 'feature': 'Feature Importance', 'feature_all': 'Feature Importance (All)', 'boundary': 'Decision Boundary', 'lift': 'Lift Chart', 'gain': 'Gain Chart', 'tree': 'Decision Tree', 'ks': 'KS Statistic Plot'}, train_size=0.7, test_data=None, preprocess=True, imputation_type=simple, iterative_imputation_iters=5, categorical_features=None, categorical_imputation=constant, categorical_iterative_imputer=lightgbm, ordinal_features=None, high_cardinality_features=None, high_cardinality_method=frequency, numeric_features=None, numeric_imputation=mean, numeric_iterative_imputer=lightgbm, date_features=None, ignore_features=None, normalize=False, normalize_method=zscore, transformation=False, transformation_method=yeo-johnson, handle_unknown_categorical=True, unknown_categorical_method=least_frequent, pca=True, pca_method=linear, pca_components=3, ignore_low_variance=False, combine_rare_levels=False, rare_level_threshold=0.1, bin_numeric_features=None, remove_outliers=False, outliers_threshold=0.05, remove_multicollinearity=False, multicollinearity_threshold=0.9, remove_perfect_collinearity=True, create_clusters=False, cluster_iter=20, polynomial_features=False, polynomial_degree=2, trigonometry_features=False, polynomial_threshold=0.1, group_features=None, group_names=None, feature_selection=False, feature_selection_threshold=0.8, feature_selection_method=classic, feature_interaction=False, feature_ratio=False, interaction_threshold=0.01, fix_imbalance=False, fix_imbalance_method=None, transform_target=False, transform_target_method=box-cox, data_split_shuffle=True, data_split_stratify=False, fold_strategy=stratifiedkfold, fold=10, fold_shuffle=False, fold_groups=None, n_jobs=-1, use_gpu=False, custom_pipeline=None, html=True, session_id=None, log_experiment=False, experiment_name=None, experiment_custom_tags=None, log_plots=False, log_profile=False, log_data=False, silent=True, verbose=True, profile=False, profile_kwargs=None, display=None)
2022-08-28 13:46:54,096:INFO:Checking environment
2022-08-28 13:46:54,096:INFO:python_version: 3.8.9
2022-08-28 13:46:54,096:INFO:python_build: ('default', 'May 17 2022 12:55:41')
2022-08-28 13:46:54,096:INFO:machine: x86_64
2022-08-28 13:46:54,109:INFO:platform: macOS-12.5-x86_64-i386-64bit
2022-08-28 13:46:54,110:WARNING:cannot find psutil installation. memory not traceable. Install psutil using pip to enable memory logging.
2022-08-28 13:46:54,111:INFO:Checking libraries
2022-08-28 13:46:54,111:INFO:pd==1.3.4
2022-08-28 13:46:54,111:INFO:numpy==1.19.5
2022-08-28 13:46:54,111:INFO:sklearn==0.23.2
2022-08-28 13:46:54,111:INFO:lightgbm==3.3.2
2022-08-28 13:46:54,134:INFO:catboost==1.0.6
2022-08-28 13:46:54,134:INFO:xgboost==1.6.1
2022-08-28 13:46:54,135:INFO:mlflow==1.8.0
2022-08-28 13:46:54,135:INFO:Checking Exceptions
2022-08-28 13:46:54,135:INFO:Declaring global variables
2022-08-28 13:46:54,135:INFO:USI: 3e5d
2022-08-28 13:46:54,135:INFO:pycaret_globals: {'fix_imbalance_param', 'experiment__', 'display_container', 'USI', 'X_train', 'logging_param', 'target_param', '_gpu_n_jobs_param', 'y', '_all_models_internal', 'X', 'log_plots_param', 'y_test', 'html_param', 'transform_target_param', 'fold_groups_param_full', 'seed', 'exp_name_log', '_internal_pipeline', 'fold_groups_param', 'transform_target_method_param', 'pycaret_globals', 'n_jobs_param', 'prep_pipe', 'imputation_regressor', 'fix_imbalance_method_param', 'dashboard_logger', '_available_plots', 'gpu_param', 'iterative_imputation_iters_param', 'create_model_container', 'stratify_param', 'X_test', '_all_metrics', 'y_train', '_ml_usecase', 'fold_param', 'imputation_classifier', '_all_models', 'fold_generator', 'master_model_container', 'data_before_preprocess', 'fold_shuffle_param'}
2022-08-28 13:46:54,135:INFO:Preparing display monitor
2022-08-28 13:46:54,136:INFO:Preparing display monitor
2022-08-28 13:46:54,146:INFO:Importing libraries
2022-08-28 13:46:54,146:INFO:Copying data for preprocessing
2022-08-28 13:46:54,148:INFO:Declaring preprocessing parameters
2022-08-28 13:46:54,149:INFO:Creating preprocessing pipeline
2022-08-28 13:46:54,153:INFO:Preprocessing pipeline created successfully
2022-08-28 13:46:54,153:ERROR:(Process Exit): setup has been interupted with user command 'quit'. setup must rerun.
2022-08-28 13:46:54,153:INFO:Creating global containers
2022-08-28 13:46:54,153:INFO:Internal pipeline: Pipeline(memory=None, steps=[('empty_step', 'passthrough')], verbose=False)
2022-08-28 13:46:54,375:INFO:Creating grid variables
2022-08-28 13:46:54,377:INFO:create_model_container: 0
2022-08-28 13:46:54,377:INFO:master_model_container: 0
2022-08-28 13:46:54,377:INFO:display_container: 1
2022-08-28 13:46:54,382:INFO:Pipeline(memory=None,
         steps=[('dtypes',
                 DataTypes_Auto_infer(categorical_features=[],
                                      display_types=False, features_todrop=[],
                                      id_columns=[],
                                      ml_usecase='classification',
                                      numerical_features=[], target='Close',
                                      time_features=[])),
                ('imputer',
                 Simple_Imputer(categorical_strategy='not_available',
                                fill_value_categorical=None,
                                fill_value_numerical=None,
                                numeric_strat...
                ('dummy', Dummify(target='Close')),
                ('fix_perfect', Remove_100(target='Close')),
                ('clean_names', Clean_Colum_Names()),
                ('feature_select', 'passthrough'), ('fix_multi', 'passthrough'),
                ('dfs', 'passthrough'),
                ('pca',
                 Reduce_Dimensions_For_Supervised_Path(method='pca_liner',
                                                       random_state=2195,
                                                       target='Close',
                                                       variance_retained_or_number_of_components=None))],
         verbose=False)
2022-08-28 13:46:54,382:INFO:setup() succesfully completed......................................
2022-08-28 13:46:54,535:INFO:Initializing get_config()
2022-08-28 13:46:54,535:INFO:get_config(variable=X)
2022-08-28 13:46:54,546:INFO:Global variable: X returned as       Component_1  Component_2  Component_3
0    26945.277344  -549.290771  -191.473114
1    21311.923828  4719.709961  -650.917847
2    17497.087891   228.502151    56.785610
3    16411.972656   599.636230    98.674149
4    16831.060547   589.826599  -676.602966
..            ...          ...          ...
361  -9543.830078  -571.552612   173.405075
362  -8940.357422  -133.984695  -547.533020
363 -10039.447266 -1097.732910  -268.220093
364  -9555.183594 -1020.378174  -692.731873
365  -9649.208008 -1232.786987  -694.053406

[366 rows x 3 columns]
2022-08-28 13:46:54,547:INFO:get_config() succesfully completed......................................
2022-08-28 13:46:54,547:INFO:Initializing get_config()
2022-08-28 13:46:54,547:INFO:get_config(variable=y)
2022-08-28 13:46:54,548:INFO:Global variable: y returned as 0      60683.820312
1      56216.183594
2      55724.265625
3      56473.031250
4      53906.089844
           ...     
361    41166.730469
362    39935.515625
363    40553.464844
364    40424.484375
365    40419.019531
Name: Close, Length: 366, dtype: float32
2022-08-28 13:46:54,548:INFO:get_config() succesfully completed......................................
2022-08-28 13:48:59,055:INFO:PyCaret Supervised Module
2022-08-28 13:48:59,055:INFO:ML Usecase: classification
2022-08-28 13:48:59,055:INFO:version 2.3.10
2022-08-28 13:48:59,055:INFO:Initializing setup()
2022-08-28 13:48:59,055:INFO:setup(target=Close, ml_usecase=classification, available_plots={'parameter': 'Hyperparameters', 'auc': 'AUC', 'confusion_matrix': 'Confusion Matrix', 'threshold': 'Threshold', 'pr': 'Precision Recall', 'error': 'Prediction Error', 'class_report': 'Class Report', 'rfe': 'Feature Selection', 'learning': 'Learning Curve', 'manifold': 'Manifold Learning', 'calibration': 'Calibration Curve', 'vc': 'Validation Curve', 'dimension': 'Dimensions', 'feature': 'Feature Importance', 'feature_all': 'Feature Importance (All)', 'boundary': 'Decision Boundary', 'lift': 'Lift Chart', 'gain': 'Gain Chart', 'tree': 'Decision Tree', 'ks': 'KS Statistic Plot'}, train_size=0.7, test_data=None, preprocess=True, imputation_type=simple, iterative_imputation_iters=5, categorical_features=None, categorical_imputation=constant, categorical_iterative_imputer=lightgbm, ordinal_features=None, high_cardinality_features=None, high_cardinality_method=frequency, numeric_features=None, numeric_imputation=mean, numeric_iterative_imputer=lightgbm, date_features=None, ignore_features=None, normalize=False, normalize_method=zscore, transformation=False, transformation_method=yeo-johnson, handle_unknown_categorical=True, unknown_categorical_method=least_frequent, pca=True, pca_method=linear, pca_components=3, ignore_low_variance=False, combine_rare_levels=False, rare_level_threshold=0.1, bin_numeric_features=None, remove_outliers=False, outliers_threshold=0.05, remove_multicollinearity=False, multicollinearity_threshold=0.9, remove_perfect_collinearity=True, create_clusters=False, cluster_iter=20, polynomial_features=False, polynomial_degree=2, trigonometry_features=False, polynomial_threshold=0.1, group_features=None, group_names=None, feature_selection=False, feature_selection_threshold=0.8, feature_selection_method=classic, feature_interaction=False, feature_ratio=False, interaction_threshold=0.01, fix_imbalance=False, fix_imbalance_method=None, transform_target=False, transform_target_method=box-cox, data_split_shuffle=True, data_split_stratify=False, fold_strategy=stratifiedkfold, fold=10, fold_shuffle=False, fold_groups=None, n_jobs=-1, use_gpu=False, custom_pipeline=None, html=True, session_id=None, log_experiment=False, experiment_name=None, experiment_custom_tags=None, log_plots=False, log_profile=False, log_data=False, silent=True, verbose=True, profile=False, profile_kwargs=None, display=None)
2022-08-28 13:48:59,055:INFO:Checking environment
2022-08-28 13:48:59,055:INFO:python_version: 3.8.9
2022-08-28 13:48:59,055:INFO:python_build: ('default', 'May 17 2022 12:55:41')
2022-08-28 13:48:59,056:INFO:machine: x86_64
2022-08-28 13:48:59,068:INFO:platform: macOS-12.5-x86_64-i386-64bit
2022-08-28 13:48:59,070:WARNING:cannot find psutil installation. memory not traceable. Install psutil using pip to enable memory logging.
2022-08-28 13:48:59,070:INFO:Checking libraries
2022-08-28 13:48:59,071:INFO:pd==1.3.4
2022-08-28 13:48:59,071:INFO:numpy==1.19.5
2022-08-28 13:48:59,071:INFO:sklearn==0.23.2
2022-08-28 13:48:59,071:INFO:lightgbm==3.3.2
2022-08-28 13:48:59,095:INFO:catboost==1.0.6
2022-08-28 13:48:59,095:INFO:xgboost==1.6.1
2022-08-28 13:48:59,095:INFO:mlflow==1.8.0
2022-08-28 13:48:59,096:INFO:Checking Exceptions
2022-08-28 13:48:59,096:INFO:Declaring global variables
2022-08-28 13:48:59,096:INFO:USI: e1b8
2022-08-28 13:48:59,096:INFO:pycaret_globals: {'data_before_preprocess', 'fold_generator', '_ml_usecase', '_all_metrics', 'pycaret_globals', '_all_models_internal', 'fold_groups_param', '_available_plots', 'y', 'dashboard_logger', 'create_model_container', 'fix_imbalance_param', 'fold_shuffle_param', 'logging_param', 'seed', 'display_container', 'stratify_param', '_internal_pipeline', 'experiment__', '_all_models', 'X_test', 'y_test', 'y_train', 'transform_target_param', 'iterative_imputation_iters_param', 'X', 'transform_target_method_param', 'USI', 'fold_param', 'fix_imbalance_method_param', 'target_param', 'gpu_param', 'X_train', 'fold_groups_param_full', 'n_jobs_param', 'prep_pipe', 'html_param', 'master_model_container', '_gpu_n_jobs_param', 'imputation_regressor', 'exp_name_log', 'imputation_classifier', 'log_plots_param'}
2022-08-28 13:48:59,096:INFO:Preparing display monitor
2022-08-28 13:48:59,096:INFO:Preparing display monitor
2022-08-28 13:48:59,106:INFO:Importing libraries
2022-08-28 13:48:59,106:INFO:Copying data for preprocessing
2022-08-28 13:48:59,109:INFO:Declaring preprocessing parameters
2022-08-28 13:48:59,110:INFO:Creating preprocessing pipeline
2022-08-28 13:48:59,113:INFO:Preprocessing pipeline created successfully
2022-08-28 13:48:59,113:ERROR:(Process Exit): setup has been interupted with user command 'quit'. setup must rerun.
2022-08-28 13:48:59,114:INFO:Creating global containers
2022-08-28 13:48:59,114:INFO:Internal pipeline: Pipeline(memory=None, steps=[('empty_step', 'passthrough')], verbose=False)
2022-08-28 13:48:59,340:INFO:Creating grid variables
2022-08-28 13:48:59,343:INFO:create_model_container: 0
2022-08-28 13:48:59,343:INFO:master_model_container: 0
2022-08-28 13:48:59,343:INFO:display_container: 1
2022-08-28 13:48:59,348:INFO:Pipeline(memory=None,
         steps=[('dtypes',
                 DataTypes_Auto_infer(categorical_features=[],
                                      display_types=False, features_todrop=[],
                                      id_columns=[],
                                      ml_usecase='classification',
                                      numerical_features=[], target='Close',
                                      time_features=[])),
                ('imputer',
                 Simple_Imputer(categorical_strategy='not_available',
                                fill_value_categorical=None,
                                fill_value_numerical=None,
                                numeric_strat...
                ('dummy', Dummify(target='Close')),
                ('fix_perfect', Remove_100(target='Close')),
                ('clean_names', Clean_Colum_Names()),
                ('feature_select', 'passthrough'), ('fix_multi', 'passthrough'),
                ('dfs', 'passthrough'),
                ('pca',
                 Reduce_Dimensions_For_Supervised_Path(method='pca_liner',
                                                       random_state=723,
                                                       target='Close',
                                                       variance_retained_or_number_of_components=None))],
         verbose=False)
2022-08-28 13:48:59,348:INFO:setup() succesfully completed......................................
2022-08-28 13:48:59,496:INFO:Initializing get_config()
2022-08-28 13:48:59,496:INFO:get_config(variable=X)
2022-08-28 13:48:59,504:INFO:Global variable: X returned as       Component_1  Component_2  Component_3
0    26872.318359  -451.615173  -230.278595
1    21224.902344  4794.091309  -775.539673
2    17422.835938   307.748199    25.561489
3    16336.903320   676.966492    63.014164
4    16754.220703   653.580017  -712.927246
..            ...          ...          ...
361  -9615.680664  -555.674194   220.930023
362  -9014.959961  -130.293549  -509.536285
363 -10111.014648 -1091.278198  -209.545120
364  -9627.924805 -1020.754944  -636.575806
365  -9721.426758 -1233.378784  -633.677795

[366 rows x 3 columns]
2022-08-28 13:48:59,504:INFO:get_config() succesfully completed......................................
2022-08-28 13:48:59,504:INFO:Initializing get_config()
2022-08-28 13:48:59,504:INFO:get_config(variable=y)
2022-08-28 13:48:59,505:INFO:Global variable: y returned as 0      60683.820312
1      56216.183594
2      55724.265625
3      56473.031250
4      53906.089844
           ...     
361    41166.730469
362    39935.515625
363    40553.464844
364    40424.484375
365    40419.019531
Name: Close, Length: 366, dtype: float32
2022-08-28 13:48:59,505:INFO:get_config() succesfully completed......................................
2022-08-28 15:19:47,981:INFO:PyCaret Supervised Module
2022-08-28 15:19:47,981:INFO:ML Usecase: classification
2022-08-28 15:19:47,982:INFO:version 2.3.10
2022-08-28 15:19:47,982:INFO:Initializing setup()
2022-08-28 15:19:47,982:INFO:setup(target=Close, ml_usecase=classification, available_plots={'parameter': 'Hyperparameters', 'auc': 'AUC', 'confusion_matrix': 'Confusion Matrix', 'threshold': 'Threshold', 'pr': 'Precision Recall', 'error': 'Prediction Error', 'class_report': 'Class Report', 'rfe': 'Feature Selection', 'learning': 'Learning Curve', 'manifold': 'Manifold Learning', 'calibration': 'Calibration Curve', 'vc': 'Validation Curve', 'dimension': 'Dimensions', 'feature': 'Feature Importance', 'feature_all': 'Feature Importance (All)', 'boundary': 'Decision Boundary', 'lift': 'Lift Chart', 'gain': 'Gain Chart', 'tree': 'Decision Tree', 'ks': 'KS Statistic Plot'}, train_size=0.7, test_data=None, preprocess=True, imputation_type=simple, iterative_imputation_iters=5, categorical_features=None, categorical_imputation=constant, categorical_iterative_imputer=lightgbm, ordinal_features=None, high_cardinality_features=None, high_cardinality_method=frequency, numeric_features=None, numeric_imputation=mean, numeric_iterative_imputer=lightgbm, date_features=None, ignore_features=None, normalize=False, normalize_method=zscore, transformation=False, transformation_method=yeo-johnson, handle_unknown_categorical=True, unknown_categorical_method=least_frequent, pca=True, pca_method=linear, pca_components=3, ignore_low_variance=False, combine_rare_levels=False, rare_level_threshold=0.1, bin_numeric_features=None, remove_outliers=False, outliers_threshold=0.05, remove_multicollinearity=False, multicollinearity_threshold=0.9, remove_perfect_collinearity=True, create_clusters=False, cluster_iter=20, polynomial_features=False, polynomial_degree=2, trigonometry_features=False, polynomial_threshold=0.1, group_features=None, group_names=None, feature_selection=False, feature_selection_threshold=0.8, feature_selection_method=classic, feature_interaction=False, feature_ratio=False, interaction_threshold=0.01, fix_imbalance=False, fix_imbalance_method=None, transform_target=False, transform_target_method=box-cox, data_split_shuffle=True, data_split_stratify=False, fold_strategy=stratifiedkfold, fold=10, fold_shuffle=False, fold_groups=None, n_jobs=-1, use_gpu=False, custom_pipeline=None, html=True, session_id=None, log_experiment=False, experiment_name=None, experiment_custom_tags=None, log_plots=False, log_profile=False, log_data=False, silent=True, verbose=True, profile=False, profile_kwargs=None, display=None)
2022-08-28 15:19:47,982:INFO:Checking environment
2022-08-28 15:19:47,982:INFO:python_version: 3.8.9
2022-08-28 15:19:47,982:INFO:python_build: ('default', 'May 17 2022 12:55:41')
2022-08-28 15:19:47,982:INFO:machine: x86_64
2022-08-28 15:19:48,001:INFO:platform: macOS-12.5-x86_64-i386-64bit
2022-08-28 15:19:48,003:WARNING:cannot find psutil installation. memory not traceable. Install psutil using pip to enable memory logging.
2022-08-28 15:19:48,003:INFO:Checking libraries
2022-08-28 15:19:48,003:INFO:pd==1.3.4
2022-08-28 15:19:48,004:INFO:numpy==1.19.5
2022-08-28 15:19:48,004:INFO:sklearn==0.23.2
2022-08-28 15:19:48,004:INFO:lightgbm==3.3.2
2022-08-28 15:19:48,033:INFO:catboost==1.0.6
2022-08-28 15:19:48,033:INFO:xgboost==1.6.1
2022-08-28 15:19:48,033:INFO:mlflow==1.8.0
2022-08-28 15:19:48,033:INFO:Checking Exceptions
2022-08-28 15:19:48,034:INFO:Declaring global variables
2022-08-28 15:19:48,034:INFO:USI: b606
2022-08-28 15:19:48,034:INFO:pycaret_globals: {'X_train', 'y_test', 'master_model_container', '_gpu_n_jobs_param', 'iterative_imputation_iters_param', 'X', 'fold_generator', '_all_models', 'html_param', 'exp_name_log', 'create_model_container', 'fold_shuffle_param', 'X_test', 'fix_imbalance_method_param', 'pycaret_globals', '_all_models_internal', 'gpu_param', 'y_train', '_ml_usecase', 'data_before_preprocess', 'target_param', 'experiment__', 'USI', 'seed', 'log_plots_param', 'fix_imbalance_param', 'logging_param', '_internal_pipeline', 'fold_groups_param', 'dashboard_logger', 'transform_target_method_param', 'stratify_param', 'display_container', 'fold_groups_param_full', '_all_metrics', 'n_jobs_param', 'imputation_classifier', 'fold_param', 'y', 'transform_target_param', 'prep_pipe', 'imputation_regressor', '_available_plots'}
2022-08-28 15:19:48,034:INFO:Preparing display monitor
2022-08-28 15:19:48,034:INFO:Preparing display monitor
2022-08-28 15:19:48,045:INFO:Importing libraries
2022-08-28 15:19:48,046:INFO:Copying data for preprocessing
2022-08-28 15:19:48,049:INFO:Declaring preprocessing parameters
2022-08-28 15:19:48,050:INFO:Creating preprocessing pipeline
2022-08-28 15:19:48,055:INFO:Preprocessing pipeline created successfully
2022-08-28 15:19:48,055:ERROR:(Process Exit): setup has been interupted with user command 'quit'. setup must rerun.
2022-08-28 15:19:48,055:INFO:Creating global containers
2022-08-28 15:19:48,056:INFO:Internal pipeline: Pipeline(memory=None, steps=[('empty_step', 'passthrough')], verbose=False)
2022-08-28 15:19:48,316:INFO:Creating grid variables
2022-08-28 15:19:48,318:INFO:create_model_container: 0
2022-08-28 15:19:48,318:INFO:master_model_container: 0
2022-08-28 15:19:48,318:INFO:display_container: 1
2022-08-28 15:19:48,323:INFO:Pipeline(memory=None,
         steps=[('dtypes',
                 DataTypes_Auto_infer(categorical_features=[],
                                      display_types=False, features_todrop=[],
                                      id_columns=[],
                                      ml_usecase='classification',
                                      numerical_features=[], target='Close',
                                      time_features=[])),
                ('imputer',
                 Simple_Imputer(categorical_strategy='not_available',
                                fill_value_categorical=None,
                                fill_value_numerical=None,
                                numeric_strat...
                ('dummy', Dummify(target='Close')),
                ('fix_perfect', Remove_100(target='Close')),
                ('clean_names', Clean_Colum_Names()),
                ('feature_select', 'passthrough'), ('fix_multi', 'passthrough'),
                ('dfs', 'passthrough'),
                ('pca',
                 Reduce_Dimensions_For_Supervised_Path(method='pca_liner',
                                                       random_state=2493,
                                                       target='Close',
                                                       variance_retained_or_number_of_components=None))],
         verbose=False)
2022-08-28 15:19:48,323:INFO:setup() succesfully completed......................................
2022-08-28 15:19:48,455:INFO:Initializing get_config()
2022-08-28 15:19:48,455:INFO:get_config(variable=X)
2022-08-28 15:19:48,466:INFO:Global variable: X returned as       Component_1  Component_2  Component_3
0    28689.951172  -552.493408  -248.187164
1    23050.582031  4693.258789  -870.820312
2    19241.267578   223.477524   -13.535675
3    18155.816406   594.686279    17.669285
4    18573.982422   560.228088  -757.403320
..            ...          ...          ...
361  -7798.649414  -599.413513   162.278061
362  -7196.498535  -184.787354  -573.177673
363  -8294.250977 -1140.096069  -261.490540
364  -7810.577148 -1076.026855  -688.875916
365  -7904.382812 -1288.461426  -683.211853

[366 rows x 3 columns]
2022-08-28 15:19:48,466:INFO:get_config() succesfully completed......................................
2022-08-28 15:19:48,466:INFO:Initializing get_config()
2022-08-28 15:19:48,466:INFO:get_config(variable=y)
2022-08-28 15:19:48,467:INFO:Global variable: y returned as 0      60683.820312
1      56216.183594
2      55724.265625
3      56473.031250
4      53906.089844
           ...     
361    41166.730469
362    39935.515625
363    40553.464844
364    40424.484375
365    40419.019531
Name: Close, Length: 366, dtype: float32
2022-08-28 15:19:48,467:INFO:get_config() succesfully completed......................................
2022-09-08 10:53:06,001:INFO:PyCaret Supervised Module
2022-09-08 10:53:06,002:INFO:ML Usecase: classification
2022-09-08 10:53:06,002:INFO:version 2.3.10
2022-09-08 10:53:06,002:INFO:Initializing setup()
2022-09-08 10:53:06,002:INFO:setup(target=Close, ml_usecase=classification, available_plots={'parameter': 'Hyperparameters', 'auc': 'AUC', 'confusion_matrix': 'Confusion Matrix', 'threshold': 'Threshold', 'pr': 'Precision Recall', 'error': 'Prediction Error', 'class_report': 'Class Report', 'rfe': 'Feature Selection', 'learning': 'Learning Curve', 'manifold': 'Manifold Learning', 'calibration': 'Calibration Curve', 'vc': 'Validation Curve', 'dimension': 'Dimensions', 'feature': 'Feature Importance', 'feature_all': 'Feature Importance (All)', 'boundary': 'Decision Boundary', 'lift': 'Lift Chart', 'gain': 'Gain Chart', 'tree': 'Decision Tree', 'ks': 'KS Statistic Plot'}, train_size=0.7, test_data=None, preprocess=True, imputation_type=simple, iterative_imputation_iters=5, categorical_features=None, categorical_imputation=constant, categorical_iterative_imputer=lightgbm, ordinal_features=None, high_cardinality_features=None, high_cardinality_method=frequency, numeric_features=None, numeric_imputation=mean, numeric_iterative_imputer=lightgbm, date_features=None, ignore_features=None, normalize=False, normalize_method=zscore, transformation=False, transformation_method=yeo-johnson, handle_unknown_categorical=True, unknown_categorical_method=least_frequent, pca=True, pca_method=linear, pca_components=3, ignore_low_variance=False, combine_rare_levels=False, rare_level_threshold=0.1, bin_numeric_features=None, remove_outliers=False, outliers_threshold=0.05, remove_multicollinearity=False, multicollinearity_threshold=0.9, remove_perfect_collinearity=True, create_clusters=False, cluster_iter=20, polynomial_features=False, polynomial_degree=2, trigonometry_features=False, polynomial_threshold=0.1, group_features=None, group_names=None, feature_selection=False, feature_selection_threshold=0.8, feature_selection_method=classic, feature_interaction=False, feature_ratio=False, interaction_threshold=0.01, fix_imbalance=False, fix_imbalance_method=None, transform_target=False, transform_target_method=box-cox, data_split_shuffle=True, data_split_stratify=False, fold_strategy=stratifiedkfold, fold=10, fold_shuffle=False, fold_groups=None, n_jobs=-1, use_gpu=False, custom_pipeline=None, html=True, session_id=None, log_experiment=False, experiment_name=None, experiment_custom_tags=None, log_plots=False, log_profile=False, log_data=False, silent=True, verbose=True, profile=False, profile_kwargs=None, display=None)
2022-09-08 10:53:06,002:INFO:Checking environment
2022-09-08 10:53:06,002:INFO:python_version: 3.8.9
2022-09-08 10:53:06,002:INFO:python_build: ('default', 'May 17 2022 12:55:41')
2022-09-08 10:53:06,002:INFO:machine: x86_64
2022-09-08 10:53:06,030:INFO:platform: macOS-12.5-x86_64-i386-64bit
2022-09-08 10:53:06,032:WARNING:cannot find psutil installation. memory not traceable. Install psutil using pip to enable memory logging.
2022-09-08 10:53:06,032:INFO:Checking libraries
2022-09-08 10:53:06,032:INFO:pd==1.3.4
2022-09-08 10:53:06,032:INFO:numpy==1.19.5
2022-09-08 10:53:06,032:INFO:sklearn==0.23.2
2022-09-08 10:53:06,033:INFO:lightgbm==3.3.2
2022-09-08 10:53:06,122:INFO:catboost==1.0.6
2022-09-08 10:53:06,122:INFO:xgboost==1.6.1
2022-09-08 10:53:06,122:INFO:mlflow==1.8.0
2022-09-08 10:53:06,122:INFO:Checking Exceptions
2022-09-08 10:53:06,123:INFO:Declaring global variables
2022-09-08 10:53:06,123:INFO:USI: 0a7c
2022-09-08 10:53:06,123:INFO:pycaret_globals: {'_ml_usecase', 'fold_groups_param_full', 'X', 'display_container', 'exp_name_log', 'create_model_container', 'transform_target_param', 'y_test', 'seed', '_gpu_n_jobs_param', 'data_before_preprocess', 'imputation_regressor', 'fold_generator', 'pycaret_globals', 'prep_pipe', 'html_param', '_available_plots', '_all_models', 'log_plots_param', 'X_train', 'y_train', '_all_models_internal', 'n_jobs_param', 'fix_imbalance_param', 'y', 'experiment__', 'logging_param', 'transform_target_method_param', '_internal_pipeline', 'fold_shuffle_param', 'target_param', 'X_test', 'fold_groups_param', 'imputation_classifier', 'master_model_container', 'fix_imbalance_method_param', 'stratify_param', 'dashboard_logger', 'USI', 'gpu_param', 'fold_param', '_all_metrics', 'iterative_imputation_iters_param'}
2022-09-08 10:53:06,123:INFO:Preparing display monitor
2022-09-08 10:53:06,123:INFO:Preparing display monitor
2022-09-08 10:53:06,138:INFO:Importing libraries
2022-09-08 10:53:06,138:INFO:Copying data for preprocessing
2022-09-08 10:53:06,141:INFO:Declaring preprocessing parameters
2022-09-08 10:53:06,143:INFO:Creating preprocessing pipeline
2022-09-08 10:53:06,150:INFO:Preprocessing pipeline created successfully
2022-09-08 10:53:06,151:ERROR:(Process Exit): setup has been interupted with user command 'quit'. setup must rerun.
2022-09-08 10:53:06,151:INFO:Creating global containers
2022-09-08 10:53:06,153:INFO:Internal pipeline: Pipeline(memory=None, steps=[('empty_step', 'passthrough')], verbose=False)
2022-09-08 10:53:06,529:INFO:Creating grid variables
2022-09-08 10:53:06,532:INFO:create_model_container: 0
2022-09-08 10:53:06,532:INFO:master_model_container: 0
2022-09-08 10:53:06,532:INFO:display_container: 1
2022-09-08 10:53:06,538:INFO:Pipeline(memory=None,
         steps=[('dtypes',
                 DataTypes_Auto_infer(categorical_features=[],
                                      display_types=False, features_todrop=[],
                                      id_columns=[],
                                      ml_usecase='classification',
                                      numerical_features=[], target='Close',
                                      time_features=[])),
                ('imputer',
                 Simple_Imputer(categorical_strategy='not_available',
                                fill_value_categorical=None,
                                fill_value_numerical=None,
                                numeric_strat...
                ('dummy', Dummify(target='Close')),
                ('fix_perfect', Remove_100(target='Close')),
                ('clean_names', Clean_Colum_Names()),
                ('feature_select', 'passthrough'), ('fix_multi', 'passthrough'),
                ('dfs', 'passthrough'),
                ('pca',
                 Reduce_Dimensions_For_Supervised_Path(method='pca_liner',
                                                       random_state=3016,
                                                       target='Close',
                                                       variance_retained_or_number_of_components=None))],
         verbose=False)
2022-09-08 10:53:06,538:INFO:setup() succesfully completed......................................
2022-09-08 10:53:06,664:INFO:Initializing get_config()
2022-09-08 10:53:06,665:INFO:get_config(variable=X)
2022-09-08 10:53:06,674:INFO:Global variable: X returned as       Component_1  Component_2  Component_3
0    27087.539062  -572.621704   -57.372131
1    21461.642578  4646.795410  -960.205688
2    17639.167969   228.884766    86.457535
3    16554.261719   602.911377    93.844963
4    16976.699219   531.043091  -676.328613
..            ...          ...          ...
361  -9402.813477  -541.020203   147.334686
362  -8795.769531  -162.727875  -603.524841
363  -9897.049805 -1100.397827  -253.118408
364  -9410.869141 -1057.459229  -680.308411
365  -9505.104492 -1269.233276  -665.107239

[366 rows x 3 columns]
2022-09-08 10:53:06,674:INFO:get_config() succesfully completed......................................
2022-09-08 10:53:06,674:INFO:Initializing get_config()
2022-09-08 10:53:06,674:INFO:get_config(variable=y)
2022-09-08 10:53:06,675:INFO:Global variable: y returned as 0      60683.820312
1      56216.183594
2      55724.265625
3      56473.031250
4      53906.089844
           ...     
361    41166.730469
362    39935.515625
363    40553.464844
364    40424.484375
365    40419.019531
Name: Close, Length: 366, dtype: float32
2022-09-08 10:53:06,675:INFO:get_config() succesfully completed......................................
2022-09-08 10:54:19,610:INFO:PyCaret Supervised Module
2022-09-08 10:54:19,610:INFO:ML Usecase: classification
2022-09-08 10:54:19,610:INFO:version 2.3.10
2022-09-08 10:54:19,610:INFO:Initializing setup()
2022-09-08 10:54:19,611:INFO:setup(target=Close, ml_usecase=classification, available_plots={'parameter': 'Hyperparameters', 'auc': 'AUC', 'confusion_matrix': 'Confusion Matrix', 'threshold': 'Threshold', 'pr': 'Precision Recall', 'error': 'Prediction Error', 'class_report': 'Class Report', 'rfe': 'Feature Selection', 'learning': 'Learning Curve', 'manifold': 'Manifold Learning', 'calibration': 'Calibration Curve', 'vc': 'Validation Curve', 'dimension': 'Dimensions', 'feature': 'Feature Importance', 'feature_all': 'Feature Importance (All)', 'boundary': 'Decision Boundary', 'lift': 'Lift Chart', 'gain': 'Gain Chart', 'tree': 'Decision Tree', 'ks': 'KS Statistic Plot'}, train_size=0.7, test_data=None, preprocess=True, imputation_type=simple, iterative_imputation_iters=5, categorical_features=None, categorical_imputation=constant, categorical_iterative_imputer=lightgbm, ordinal_features=None, high_cardinality_features=None, high_cardinality_method=frequency, numeric_features=None, numeric_imputation=mean, numeric_iterative_imputer=lightgbm, date_features=None, ignore_features=None, normalize=False, normalize_method=zscore, transformation=False, transformation_method=yeo-johnson, handle_unknown_categorical=True, unknown_categorical_method=least_frequent, pca=True, pca_method=linear, pca_components=3, ignore_low_variance=False, combine_rare_levels=False, rare_level_threshold=0.1, bin_numeric_features=None, remove_outliers=False, outliers_threshold=0.05, remove_multicollinearity=False, multicollinearity_threshold=0.9, remove_perfect_collinearity=True, create_clusters=False, cluster_iter=20, polynomial_features=False, polynomial_degree=2, trigonometry_features=False, polynomial_threshold=0.1, group_features=None, group_names=None, feature_selection=False, feature_selection_threshold=0.8, feature_selection_method=classic, feature_interaction=False, feature_ratio=False, interaction_threshold=0.01, fix_imbalance=False, fix_imbalance_method=None, transform_target=False, transform_target_method=box-cox, data_split_shuffle=True, data_split_stratify=False, fold_strategy=stratifiedkfold, fold=10, fold_shuffle=False, fold_groups=None, n_jobs=-1, use_gpu=False, custom_pipeline=None, html=True, session_id=None, log_experiment=False, experiment_name=None, experiment_custom_tags=None, log_plots=False, log_profile=False, log_data=False, silent=True, verbose=True, profile=False, profile_kwargs=None, display=None)
2022-09-08 10:54:19,611:INFO:Checking environment
2022-09-08 10:54:19,611:INFO:python_version: 3.8.9
2022-09-08 10:54:19,611:INFO:python_build: ('default', 'May 17 2022 12:55:41')
2022-09-08 10:54:19,611:INFO:machine: x86_64
2022-09-08 10:54:19,627:INFO:platform: macOS-12.5-x86_64-i386-64bit
2022-09-08 10:54:19,630:WARNING:cannot find psutil installation. memory not traceable. Install psutil using pip to enable memory logging.
2022-09-08 10:54:19,630:INFO:Checking libraries
2022-09-08 10:54:19,630:INFO:pd==1.3.4
2022-09-08 10:54:19,630:INFO:numpy==1.19.5
2022-09-08 10:54:19,630:INFO:sklearn==0.23.2
2022-09-08 10:54:19,631:INFO:lightgbm==3.3.2
2022-09-08 10:54:19,660:INFO:catboost==1.0.6
2022-09-08 10:54:19,660:INFO:xgboost==1.6.1
2022-09-08 10:54:19,660:INFO:mlflow==1.8.0
2022-09-08 10:54:19,660:INFO:Checking Exceptions
2022-09-08 10:54:19,661:INFO:Declaring global variables
2022-09-08 10:54:19,661:INFO:USI: bcb6
2022-09-08 10:54:19,661:INFO:pycaret_globals: {'transform_target_param', 'log_plots_param', 'X_train', 'display_container', 'gpu_param', 'fix_imbalance_param', 'X', 'prep_pipe', 'iterative_imputation_iters_param', 'fix_imbalance_method_param', 'X_test', 'target_param', 'fold_generator', '_all_models_internal', '_all_models', 'fold_groups_param', 'n_jobs_param', '_gpu_n_jobs_param', 'USI', 'imputation_classifier', 'fold_param', 'experiment__', 'y_train', 'transform_target_method_param', '_ml_usecase', 'fold_shuffle_param', 'y_test', 'exp_name_log', 'data_before_preprocess', 'pycaret_globals', 'create_model_container', 'stratify_param', 'dashboard_logger', 'logging_param', 'imputation_regressor', '_available_plots', '_all_metrics', 'y', 'master_model_container', 'seed', 'html_param', '_internal_pipeline', 'fold_groups_param_full'}
2022-09-08 10:54:19,661:INFO:Preparing display monitor
2022-09-08 10:54:19,661:INFO:Preparing display monitor
2022-09-08 10:54:19,673:INFO:Importing libraries
2022-09-08 10:54:19,673:INFO:Copying data for preprocessing
2022-09-08 10:54:19,676:INFO:Declaring preprocessing parameters
2022-09-08 10:54:19,677:INFO:Creating preprocessing pipeline
2022-09-08 10:54:19,681:INFO:Preprocessing pipeline created successfully
2022-09-08 10:54:19,682:ERROR:(Process Exit): setup has been interupted with user command 'quit'. setup must rerun.
2022-09-08 10:54:19,682:INFO:Creating global containers
2022-09-08 10:54:19,683:INFO:Internal pipeline: Pipeline(memory=None, steps=[('empty_step', 'passthrough')], verbose=False)
2022-09-08 10:54:19,965:INFO:Creating grid variables
2022-09-08 10:54:19,968:INFO:create_model_container: 0
2022-09-08 10:54:19,968:INFO:master_model_container: 0
2022-09-08 10:54:19,968:INFO:display_container: 1
2022-09-08 10:54:19,973:INFO:Pipeline(memory=None,
         steps=[('dtypes',
                 DataTypes_Auto_infer(categorical_features=[],
                                      display_types=False, features_todrop=[],
                                      id_columns=[],
                                      ml_usecase='classification',
                                      numerical_features=[], target='Close',
                                      time_features=[])),
                ('imputer',
                 Simple_Imputer(categorical_strategy='not_available',
                                fill_value_categorical=None,
                                fill_value_numerical=None,
                                numeric_strat...
                ('dummy', Dummify(target='Close')),
                ('fix_perfect', Remove_100(target='Close')),
                ('clean_names', Clean_Colum_Names()),
                ('feature_select', 'passthrough'), ('fix_multi', 'passthrough'),
                ('dfs', 'passthrough'),
                ('pca',
                 Reduce_Dimensions_For_Supervised_Path(method='pca_liner',
                                                       random_state=478,
                                                       target='Close',
                                                       variance_retained_or_number_of_components=None))],
         verbose=False)
2022-09-08 10:54:19,974:INFO:setup() succesfully completed......................................
2022-09-08 10:54:20,099:INFO:Initializing get_config()
2022-09-08 10:54:20,099:INFO:get_config(variable=X)
2022-09-08 10:54:20,109:INFO:Global variable: X returned as       Component_1  Component_2  Component_3
0    27809.392578  -526.427063  -106.903694
1    22169.417969  4688.062988  -948.278625
2    18359.574219   251.829910    66.457809
3    17273.830078   623.258179    79.842064
4    17694.611328   559.483276  -691.952332
..            ...          ...          ...
361  -8680.348633  -581.251282   183.499405
362  -8075.951172  -194.635361  -565.250061
363  -9174.246094 -1138.051147  -220.952469
364  -8689.175781 -1090.041870  -648.858093
365  -8782.888672 -1302.165649  -635.394043

[366 rows x 3 columns]
2022-09-08 10:54:20,109:INFO:get_config() succesfully completed......................................
2022-09-08 10:54:20,109:INFO:Initializing get_config()
2022-09-08 10:54:20,110:INFO:get_config(variable=y)
2022-09-08 10:54:20,111:INFO:Global variable: y returned as 0      60683.820312
1      56216.183594
2      55724.265625
3      56473.031250
4      53906.089844
           ...     
361    41166.730469
362    39935.515625
363    40553.464844
364    40424.484375
365    40419.019531
Name: Close, Length: 366, dtype: float32
2022-09-08 10:54:20,111:INFO:get_config() succesfully completed......................................
